   *** Start: Program Calculation - Version 2023-5.0.633
   *** Start: Program aqua :  material and sections
   
   SOFiSTiK 2023-5.0.633    AQUA   - GENERAL SECTIONS
   Output on file structure.plb
   Project data base structure.cdb        -     3. access
   TIME NEEDED         1, TOTAL         1
   DATE       2023-07-14, 14:28:43
   *** Stop : Program aqua
   *** Start: Program sofimsha :  nodes and elements
   
   SOFiSTiK 2023-5.0.633    SOFIMSHA - IMPORT/EXPORT FEM
   Output on file structure.plb
   Project data base structure.cdb        -     4. access
   Workspace                    38.1 Megabyte
   TIME NEEDED        67, TOTAL        67
   DATE       2023-07-14, 14:29:50
   *** Stop : Program sofimsha
   *** Start: Program sofiload :  define loads
   
   SOFiSTiK 2023-5.0.633    SOFILOAD - LOAD GENERATOR
   Output on file structure.plb
   Project data base structure.cdb        -     5. access
   TIME NEEDED         0, TOTAL         0
   TIME NEEDED         0, TOTAL         0
   DATE       2023-07-14, 14:29:51
   *** Stop : Program sofiload
   *** Start: Program ase :  SINGLE LCs
   
   SOFiSTiK 2023-5.0.633    ASE   - ADVANCED SOLUTION ENGINE
   Output on file structure.plb
   Project data base structure.cdb        -     6. access
   +++++ warning no.   365 in program QLAY
   Layer-element - changing eccentricities in different
   local directions may cause differences between a
   linear and a nonlinear analysis (SYST ... NMAT YES)
   +++++ warning no.   365 in program QLAY
   Layer-element - changing eccentricities in different
   local directions may cause differences between a
   linear and a nonlinear analysis (SYST ... NMAT YES)
   +++++ warning no.   120 in program QUAA
   Element 2019 with internal angle less 10 or greater 150 deg
   +++++ warning no.   120 in program QUAA
   Element 2019 with internal angle less 10 or greater 150 deg
   +++++ warning no.   120 in program QUAA
   Element 2024 with internal angle less 10 or greater 150 deg
   +++++ warning no.   120 in program QUAA
   Element 2024 with internal angle less 10 or greater 150 deg
   +++++ warning no.   120 in program QUAA
   Element 2025 with internal angle less 10 or greater 150 deg
   +++++ warning no.   129 in program QUAA
   Further warnings of type no 120 are supressed
   +++++ warning no.   365 in program QLAY
   Layer-element - changing eccentricities in different
   local directions may cause differences between a
   linear and a nonlinear analysis (SYST ... NMAT YES)
   +++++ warning no.   365 in program QLAY
   Layer-element - changing eccentricities in different
   local directions may cause differences between a
   linear and a nonlinear analysis (SYST ... NMAT YES)
   +++++ warning no.   365 in program QLAY
   Layer-element - changing eccentricities in different
   local directions may cause differences between a
   linear and a nonlinear analysis (SYST ... NMAT YES)
   +++++ warning no.   365 in program QLAY
   Layer-element - changing eccentricities in different
   local directions may cause differences between a
   linear and a nonlinear analysis (SYST ... NMAT YES)
   +++++ warning no.   365 in program QLAY
   Layer-element - changing eccentricities in different
   local directions may cause differences between a
   linear and a nonlinear analysis (SYST ... NMAT YES)
   +++++ warning no.   365 in program QLAY
   Layer-element - changing eccentricities in different
   local directions may cause differences between a
   linear and a nonlinear analysis (SYST ... NMAT YES)
   +++++ warning no.   365 in program QLAY
   Layer-element - changing eccentricities in different
   local directions may cause differences between a
   linear and a nonlinear analysis (SYST ... NMAT YES)
   +++++ warning no.   365 in program QLAY
   Layer-element - changing eccentricities in different
   local directions may cause differences between a
   linear and a nonlinear analysis (SYST ... NMAT YES)
   +++++ warning no.   365 in program QLAY
   Layer-element - changing eccentricities in different
   local directions may cause differences between a
   linear and a nonlinear analysis (SYST ... NMAT YES)
   +++++ warning no.   365 in program QLAY
   Layer-element - changing eccentricities in different
   local directions may cause differences between a
   linear and a nonlinear analysis (SYST ... NMAT YES)
   +++++ warning no.   365 in program QLAY
   Layer-element - changing eccentricities in different
   local directions may cause differences between a
   linear and a nonlinear analysis (SYST ... NMAT YES)
   +++++ warning no.   365 in program QLAY
   Layer-element - changing eccentricities in different
   local directions may cause differences between a
   linear and a nonlinear analysis (SYST ... NMAT YES)
   +++++ warning no.   365 in program QLAY
   Layer-element - changing eccentricities in different
   local directions may cause differences between a
   linear and a nonlinear analysis (SYST ... NMAT YES)
   +++++ warning no.   365 in program QLAY
   Layer-element - changing eccentricities in different
   local directions may cause differences between a
   linear and a nonlinear analysis (SYST ... NMAT YES)
   +++++ warning no.   365 in program QLAY
   Layer-element - changing eccentricities in different
   local directions may cause differences between a
   linear and a nonlinear analysis (SYST ... NMAT YES)
   +++++ warning no.   365 in program QLAY
   Layer-element - changing eccentricities in different
   local directions may cause differences between a
   linear and a nonlinear analysis (SYST ... NMAT YES)
   +++++ warning no.   365 in program QLAY
   Layer-element - changing eccentricities in different
   local directions may cause differences between a
   linear and a nonlinear analysis (SYST ... NMAT YES)
   +++++ warning no.   365 in program QLAY
   Layer-element - changing eccentricities in different
   local directions may cause differences between a
   linear and a nonlinear analysis (SYST ... NMAT YES)
   +++++ warning no.   365 in program QLAY
   Layer-element - changing eccentricities in different
   local directions may cause differences between a
   linear and a nonlinear analysis (SYST ... NMAT YES)
   +++++ warning no.   365 in program QLAY
   Layer-element - changing eccentricities in different
   local directions may cause differences between a
   linear and a nonlinear analysis (SYST ... NMAT YES)
   +++++ warning no.   365 in program QLAY
   Layer-element - changing eccentricities in different
   local directions may cause differences between a
   linear and a nonlinear analysis (SYST ... NMAT YES)
   +++++ warning no.   365 in program QLAY
   Layer-element - changing eccentricities in different
   local directions may cause differences between a
   linear and a nonlinear analysis (SYST ... NMAT YES)
   +++++ warning no.   365 in program QLAY
   Layer-element - changing eccentricities in different
   local directions may cause differences between a
   linear and a nonlinear analysis (SYST ... NMAT YES)
   +++++ warning no.   365 in program QLAY
   Layer-element - changing eccentricities in different
   local directions may cause differences between a
   linear and a nonlinear analysis (SYST ... NMAT YES)
   +++++ warning no.   365 in program QLAY
   Layer-element - changing eccentricities in different
   local directions may cause differences between a
   linear and a nonlinear analysis (SYST ... NMAT YES)
   +++++ warning no.   365 in program QLAY
   Layer-element - changing eccentricities in different
   local directions may cause differences between a
   linear and a nonlinear analysis (SYST ... NMAT YES)
   +++++ warning no.   365 in program QLAY
   Layer-element - changing eccentricities in different
   local directions may cause differences between a
   linear and a nonlinear analysis (SYST ... NMAT YES)
   +++++ warning no.   365 in program QLAY
   Layer-element - changing eccentricities in different
   local directions may cause differences between a
   linear and a nonlinear analysis (SYST ... NMAT YES)
   +++++ warning no.   365 in program QLAY
   Layer-element - changing eccentricities in different
   local directions may cause differences between a
   linear and a nonlinear analysis (SYST ... NMAT YES)
   +++++ warning no.   365 in program QLAY
   Layer-element - changing eccentricities in different
   local directions may cause differences between a
   linear and a nonlinear analysis (SYST ... NMAT YES)
   +++++ warning no.   365 in program QLAY
   Layer-element - changing eccentricities in different
   local directions may cause differences between a
   linear and a nonlinear analysis (SYST ... NMAT YES)
   +++++ warning no.   365 in program QLAY
   Layer-element - changing eccentricities in different
   local directions may cause differences between a
   linear and a nonlinear analysis (SYST ... NMAT YES)
   +++++ warning no.   365 in program QLAY
   Layer-element - changing eccentricities in different
   local directions may cause differences between a
   linear and a nonlinear analysis (SYST ... NMAT YES)
   +++++ warning no.   365 in program QLAY
   Layer-element - changing eccentricities in different
   local directions may cause differences between a
   linear and a nonlinear analysis (SYST ... NMAT YES)
   +++++ warning no.   365 in program QLAY
   Layer-element - changing eccentricities in different
   local directions may cause differences between a
   linear and a nonlinear analysis (SYST ... NMAT YES)
   +++++ warning no.   365 in program QLAY
   Layer-element - changing eccentricities in different
   local directions may cause differences between a
   linear and a nonlinear analysis (SYST ... NMAT YES)
   +++++ warning no.   365 in program QLAY
   Layer-element - changing eccentricities in different
   local directions may cause differences between a
   linear and a nonlinear analysis (SYST ... NMAT YES)
   +++++ warning no.   365 in program QLAY
   Layer-element - changing eccentricities in different
   local directions may cause differences between a
   linear and a nonlinear analysis (SYST ... NMAT YES)
   +++++ warning no.   365 in program QLAY
   Layer-element - changing eccentricities in different
   local directions may cause differences between a
   linear and a nonlinear analysis (SYST ... NMAT YES)
   +++++ warning no.   365 in program QLAY
   Layer-element - changing eccentricities in different
   local directions may cause differences between a
   linear and a nonlinear analysis (SYST ... NMAT YES)
   +++++ warning no.   365 in program QLAY
   Layer-element - changing eccentricities in different
   local directions may cause differences between a
   linear and a nonlinear analysis (SYST ... NMAT YES)
   +++++ warning no.   365 in program QLAY
   Layer-element - changing eccentricities in different
   local directions may cause differences between a
   linear and a nonlinear analysis (SYST ... NMAT YES)
   +++++ warning no.   365 in program QLAY
   Layer-element - changing eccentricities in different
   local directions may cause differences between a
   linear and a nonlinear analysis (SYST ... NMAT YES)
   +++++ warning no.   365 in program QLAY
   Layer-element - changing eccentricities in different
   local directions may cause differences between a
   linear and a nonlinear analysis (SYST ... NMAT YES)
   +++++ warning no.   365 in program QLAY
   Layer-element - changing eccentricities in different
   local directions may cause differences between a
   linear and a nonlinear analysis (SYST ... NMAT YES)
   +++++ warning no.   365 in program QLAY
   Layer-element - changing eccentricities in different
   local directions may cause differences between a
   linear and a nonlinear analysis (SYST ... NMAT YES)
   +++++ warning no.   365 in program QLAY
   Layer-element - changing eccentricities in different
   local directions may cause differences between a
   linear and a nonlinear analysis (SYST ... NMAT YES)
   +++++ warning no.   365 in program QLAY
   Layer-element - changing eccentricities in different
   local directions may cause differences between a
   linear and a nonlinear analysis (SYST ... NMAT YES)
   +++++ warning no. 10989 in program QLAY
   Layer-element - changing eccentricities in different
   local directions may cause differences between a
   Warning 365 has been issued 50 times, further printing will be supressed
   Lastfall  1000
   
   Parameter des Gleichungssystems   4
   (Parallel Sparse Direct Solver (Pardiso))
   Anzahl Gleichungen            23886
   TIME NEEDED       119, TOTAL       119
   TIME NEEDED         0, TOTAL       119
   DATE       2023-07-14, 14:31:50
   
   
   
    +++++    0 errors and   56 warnings +++++
   *** Stop : Program ase
   *** Start: Program ase
   
   SOFiSTiK 2023-5.0.633    ASE   - ADVANCED SOLUTION ENGINE
   Output on file structure.plb
   Project data base structure.cdb        -     7. access
   Start OpenMP Parallel Task    1    2
   Start OpenMP Parallel Task    2    2
   +++++ warning no.   365 in program QLAY
   Layer-element - changing eccentricities in different
   local directions may cause differences between a
   linear and a nonlinear analysis (SYST ... NMAT YES)
   +++++ warning no.   365 in program QLAY
   Layer-element - changing eccentricities in different
   local directions may cause differences between a
   linear and a nonlinear analysis (SYST ... NMAT YES)
   +++++ warning no.   129 in program QUAA
   Further warnings of type no 120 are supressed
   +++++ warning no.   365 in program QLAY
   Layer-element - changing eccentricities in different
   local directions may cause differences between a
   linear and a nonlinear analysis (SYST ... NMAT YES)
   +++++ warning no.   365 in program QLAY
   Layer-element - changing eccentricities in different
   local directions may cause differences between a
   linear and a nonlinear analysis (SYST ... NMAT YES)
   +++++ warning no.   365 in program QLAY
   Layer-element - changing eccentricities in different
   local directions may cause differences between a
   linear and a nonlinear analysis (SYST ... NMAT YES)
   +++++ warning no.   365 in program QLAY
   Layer-element - changing eccentricities in different
   local directions may cause differences between a
   linear and a nonlinear analysis (SYST ... NMAT YES)
   +++++ warning no.   365 in program QLAY
   Layer-element - changing eccentricities in different
   local directions may cause differences between a
   linear and a nonlinear analysis (SYST ... NMAT YES)
   +++++ warning no.   365 in program QLAY
   Layer-element - changing eccentricities in different
   local directions may cause differences between a
   linear and a nonlinear analysis (SYST ... NMAT YES)
   +++++ warning no.   365 in program QLAY
   Layer-element - changing eccentricities in different
   local directions may cause differences between a
   linear and a nonlinear analysis (SYST ... NMAT YES)
   +++++ warning no.   365 in program QLAY
   Layer-element - changing eccentricities in different
   local directions may cause differences between a
   linear and a nonlinear analysis (SYST ... NMAT YES)
   +++++ warning no.   365 in program QLAY
   Layer-element - changing eccentricities in different
   local directions may cause differences between a
   linear and a nonlinear analysis (SYST ... NMAT YES)
   +++++ warning no.   365 in program QLAY
   Layer-element - changing eccentricities in different
   local directions may cause differences between a
   linear and a nonlinear analysis (SYST ... NMAT YES)
   +++++ warning no.   365 in program QLAY
   Layer-element - changing eccentricities in different
   local directions may cause differences between a
   linear and a nonlinear analysis (SYST ... NMAT YES)
   +++++ warning no.   365 in program QLAY
   Layer-element - changing eccentricities in different
   local directions may cause differences between a
   linear and a nonlinear analysis (SYST ... NMAT YES)
   +++++ warning no.   365 in program QLAY
   Layer-element - changing eccentricities in different
   local directions may cause differences between a
   linear and a nonlinear analysis (SYST ... NMAT YES)
   +++++ warning no.   365 in program QLAY
   Layer-element - changing eccentricities in different
   local directions may cause differences between a
   linear and a nonlinear analysis (SYST ... NMAT YES)
   +++++ warning no.   365 in program QLAY
   Layer-element - changing eccentricities in different
   local directions may cause differences between a
   linear and a nonlinear analysis (SYST ... NMAT YES)
   +++++ warning no.   365 in program QLAY
   Layer-element - changing eccentricities in different
   local directions may cause differences between a
   linear and a nonlinear analysis (SYST ... NMAT YES)
   +++++ warning no.   365 in program QLAY
   Layer-element - changing eccentricities in different
   local directions may cause differences between a
   linear and a nonlinear analysis (SYST ... NMAT YES)
   +++++ warning no.   365 in program QLAY
   Layer-element - changing eccentricities in different
   local directions may cause differences between a
   linear and a nonlinear analysis (SYST ... NMAT YES)
   +++++ warning no.   365 in program QLAY
   Layer-element - changing eccentricities in different
   local directions may cause differences between a
   linear and a nonlinear analysis (SYST ... NMAT YES)
   +++++ warning no.   365 in program QLAY
   Layer-element - changing eccentricities in different
   local directions may cause differences between a
   linear and a nonlinear analysis (SYST ... NMAT YES)
   +++++ warning no.   365 in program QLAY
   Layer-element - changing eccentricities in different
   local directions may cause differences between a
   linear and a nonlinear analysis (SYST ... NMAT YES)
   +++++ warning no.   365 in program QLAY
   Layer-element - changing eccentricities in different
   local directions may cause differences between a
   linear and a nonlinear analysis (SYST ... NMAT YES)
   +++++ warning no.   365 in program QLAY
   Layer-element - changing eccentricities in different
   local directions may cause differences between a
   linear and a nonlinear analysis (SYST ... NMAT YES)
   +++++ warning no.   365 in program QLAY
   Layer-element - changing eccentricities in different
   local directions may cause differences between a
   linear and a nonlinear analysis (SYST ... NMAT YES)
   +++++ warning no.   365 in program QLAY
   Layer-element - changing eccentricities in different
   local directions may cause differences between a
   linear and a nonlinear analysis (SYST ... NMAT YES)
   +++++ warning no.   365 in program QLAY
   Layer-element - changing eccentricities in different
   local directions may cause differences between a
   linear and a nonlinear analysis (SYST ... NMAT YES)
   +++++ warning no.   365 in program QLAY
   Layer-element - changing eccentricities in different
   local directions may cause differences between a
   linear and a nonlinear analysis (SYST ... NMAT YES)
   +++++ warning no.   365 in program QLAY
   Layer-element - changing eccentricities in different
   local directions may cause differences between a
   linear and a nonlinear analysis (SYST ... NMAT YES)
   +++++ warning no.   365 in program QLAY
   Layer-element - changing eccentricities in different
   local directions may cause differences between a
   linear and a nonlinear analysis (SYST ... NMAT YES)
   +++++ warning no.   365 in program QLAY
   Layer-element - changing eccentricities in different
   local directions may cause differences between a
   linear and a nonlinear analysis (SYST ... NMAT YES)
   +++++ warning no.   365 in program QLAY
   Layer-element - changing eccentricities in different
   local directions may cause differences between a
   linear and a nonlinear analysis (SYST ... NMAT YES)
   +++++ warning no.   365 in program QLAY
   Layer-element - changing eccentricities in different
   local directions may cause differences between a
   linear and a nonlinear analysis (SYST ... NMAT YES)
   +++++ warning no.   365 in program QLAY
   Layer-element - changing eccentricities in different
   local directions may cause differences between a
   linear and a nonlinear analysis (SYST ... NMAT YES)
   +++++ warning no.   365 in program QLAY
   Layer-element - changing eccentricities in different
   local directions may cause differences between a
   linear and a nonlinear analysis (SYST ... NMAT YES)
   +++++ warning no.   365 in program QLAY
   Layer-element - changing eccentricities in different
   local directions may cause differences between a
   linear and a nonlinear analysis (SYST ... NMAT YES)
   +++++ warning no.   365 in program QLAY
   Layer-element - changing eccentricities in different
   local directions may cause differences between a
   linear and a nonlinear analysis (SYST ... NMAT YES)
   +++++ warning no.   365 in program QLAY
   Layer-element - changing eccentricities in different
   local directions may cause differences between a
   linear and a nonlinear analysis (SYST ... NMAT YES)
   +++++ warning no.   365 in program QLAY
   Layer-element - changing eccentricities in different
   local directions may cause differences between a
   linear and a nonlinear analysis (SYST ... NMAT YES)
   +++++ warning no.   365 in program QLAY
   Layer-element - changing eccentricities in different
   local directions may cause differences between a
   linear and a nonlinear analysis (SYST ... NMAT YES)
   +++++ warning no.   365 in program QLAY
   Layer-element - changing eccentricities in different
   local directions may cause differences between a
   linear and a nonlinear analysis (SYST ... NMAT YES)
   +++++ warning no.   365 in program QLAY
   Layer-element - changing eccentricities in different
   local directions may cause differences between a
   linear and a nonlinear analysis (SYST ... NMAT YES)
   +++++ warning no.   365 in program QLAY
   Layer-element - changing eccentricities in different
   local directions may cause differences between a
   linear and a nonlinear analysis (SYST ... NMAT YES)
   +++++ warning no.   365 in program QLAY
   Layer-element - changing eccentricities in different
   local directions may cause differences between a
   linear and a nonlinear analysis (SYST ... NMAT YES)
   +++++ warning no.   365 in program QLAY
   Layer-element - changing eccentricities in different
   local directions may cause differences between a
   linear and a nonlinear analysis (SYST ... NMAT YES)
   +++++ warning no.   365 in program QLAY
   Layer-element - changing eccentricities in different
   local directions may cause differences between a
   linear and a nonlinear analysis (SYST ... NMAT YES)
   +++++ warning no.   365 in program QLAY
   Layer-element - changing eccentricities in different
   local directions may cause differences between a
   linear and a nonlinear analysis (SYST ... NMAT YES)
   +++++ warning no.   365 in program QLAY
   Layer-element - changing eccentricities in different
   local directions may cause differences between a
   linear and a nonlinear analysis (SYST ... NMAT YES)
   +++++ warning no.   365 in program QLAY
   Layer-element - changing eccentricities in different
   local directions may cause differences between a
   linear and a nonlinear analysis (SYST ... NMAT YES)
   +++++ warning no. 10989 in program QLAY
   Layer-element - changing eccentricities in different
   local directions may cause differences between a
   Warning 365 has been issued 50 times, further printing will be supressed
   Lastfall   101
   
   Parameter des Gleichungssystems   4 / MP:   2
   (Parallel Sparse Direct Solver (Pardiso))
   Anzahl Gleichungen            23886
   Parallel element analysis and postprocessing on  2 processor threads:
      4480 parallel processed QUAD elements (of   4480 total quad elements)
   Iteration  1 Restkraft       0.680 Energie 1.000  Schritt  1-1 f=  1.000
   Update nichtlineare Steifigkeit
   
   Parameter des Gleichungssystems   4 / MP:   2
   (Parallel Sparse Direct Solver (Pardiso))
   Anzahl Gleichungen            23886
   Iteration  2 Restkraft       0.853 Energie 1.007  Schritt  2-1 f=  1.005
   Iteration  3 Restkraft       0.948 Energie 1.005  Schritt  2-2 f=  0.747
   Update nichtlineare Steifigkeit
   
   Parameter des Gleichungssystems   4 / MP:   2
   (Parallel Sparse Direct Solver (Pardiso))
   Anzahl Gleichungen            23886
   Iteration  4 Restkraft       0.616 Energie 1.001  Schritt  3-1 f=  0.640
   Iteration  5 Restkraft       0.466 Energie 1.003  Schritt  3-2 f=  0.437
   Update nichtlineare Steifigkeit
   
   Parameter des Gleichungssystems   4 / MP:   2
   (Parallel Sparse Direct Solver (Pardiso))
   Anzahl Gleichungen            23886
   Iteration  6 Restkraft       0.515 Energie 1.007  Schritt  4-1 f=  0.441
   Iteration  7 Restkraft       0.358 Energie 1.005  Schritt  4-2 f=  0.486
   Update nichtlineare Steifigkeit
   
   Parameter des Gleichungssystems   4 / MP:   2
   (Parallel Sparse Direct Solver (Pardiso))
   Anzahl Gleichungen            23886
   Iteration  8 Restkraft       0.512 Energie 1.003  Schritt  5-1 f=  0.484
   Iteration  9 Restkraft       0.265 Energie 1.004  Schritt  5-2 f=  0.444
   Update nichtlineare Steifigkeit
   
   Parameter des Gleichungssystems   4 / MP:   2
   (Parallel Sparse Direct Solver (Pardiso))
   Anzahl Gleichungen            23886
   Iteration 10 Restkraft       0.480 Energie 1.007  Schritt  6-1 f=  0.444
   Iteration 11 Restkraft       0.213 Energie 1.005  Schritt  6-2 f=  0.389
   Update nichtlineare Steifigkeit
   
   Parameter des Gleichungssystems   4 / MP:   2
   (Parallel Sparse Direct Solver (Pardiso))
   Anzahl Gleichungen            23886
   Iteration 12 Restkraft       0.296 Energie 1.004  Schritt  7-1 f=  0.389
   Iteration 13 Restkraft       0.161 Energie 1.004  Schritt  7-2 f=  0.491
   Update nichtlineare Steifigkeit
   
   Parameter des Gleichungssystems   4 / MP:   2
   (Parallel Sparse Direct Solver (Pardiso))
   Anzahl Gleichungen            23886
   Iteration 14 Restkraft       0.357 Energie 1.006  Schritt  8-1 f=  0.491
   Iteration 15 Restkraft       0.130 Energie 1.005  Schritt  8-2 f=  0.358
   Update nichtlineare Steifigkeit
   
   Parameter des Gleichungssystems   4 / MP:   2
   (Parallel Sparse Direct Solver (Pardiso))
   Anzahl Gleichungen            23886
   Iteration 16 Restkraft       0.187 Energie 1.004  Schritt  9-1 f=  0.358
   Iteration 17 Restkraft       0.099 Energie 1.005  Schritt  9-2 f=  0.510
   Update nichtlineare Steifigkeit
   
   Parameter des Gleichungssystems   4 / MP:   2
   (Parallel Sparse Direct Solver (Pardiso))
   Anzahl Gleichungen            23886
   Iteration 18 Restkraft       0.246 Energie 1.006  Schritt 10-1 f=  0.510
   Iteration 19 Restkraft       0.080 Energie 1.005  Schritt 10-2 f=  0.349
   Update nichtlineare Steifigkeit
   
   Parameter des Gleichungssystems   4 / MP:   2
   (Parallel Sparse Direct Solver (Pardiso))
   Anzahl Gleichungen            23886
   Iteration 20 Restkraft       0.124 Energie 1.005  Schritt 11-1 f=  0.349
   Iteration 21 Restkraft       0.061 Energie 1.005  Schritt 11-2 f=  0.518
   Update nichtlineare Steifigkeit
   
   Parameter des Gleichungssystems   4 / MP:   2
   (Parallel Sparse Direct Solver (Pardiso))
   Anzahl Gleichungen            23886
   Iteration 22 Restkraft       0.168 Energie 1.006  Schritt 12-1 f=  0.518
   Iteration 23 Restkraft       0.050 Energie 1.005  Schritt 12-2 f=  0.347
   Update nichtlineare Steifigkeit
   
   Parameter des Gleichungssystems   4 / MP:   2
   (Parallel Sparse Direct Solver (Pardiso))
   Anzahl Gleichungen            23886
   Iteration 24 Restkraft       0.084 Energie 1.005  Schritt 13-1 f=  0.348
   Iteration 25 Restkraft       0.038 Energie 1.005  Schritt 13-2 f=  0.521
   Update nichtlineare Steifigkeit
   
   Parameter des Gleichungssystems   4 / MP:   2
   (Parallel Sparse Direct Solver (Pardiso))
   Anzahl Gleichungen            23886
   Iteration 26 Restkraft       0.116 Energie 1.005  Schritt 14-1 f=  0.521
   Iteration 27 Restkraft       0.031 Energie 1.005  Schritt 14-2 f=  0.347
   Update nichtlineare Steifigkeit
   
   Parameter des Gleichungssystems   4 / MP:   2
   (Parallel Sparse Direct Solver (Pardiso))
   Anzahl Gleichungen            23886
   Iteration 28 Restkraft       0.059 Energie 1.005  Schritt 15-1 f=  0.347
   Iteration 29 Restkraft       0.024 Energie 1.005  Schritt 15-2 f=  0.523
   Update nichtlineare Steifigkeit
   
   Parameter des Gleichungssystems   4 / MP:   2
   (Parallel Sparse Direct Solver (Pardiso))
   Anzahl Gleichungen            23886
   Iteration 30 Restkraft       0.082 Energie 1.005  Schritt 16-1 f=  0.523
   Iteration 31 Restkraft       0.019 Energie 1.005  Schritt 16-2 f=  0.348
   Update nichtlineare Steifigkeit
   
   Parameter des Gleichungssystems   4 / MP:   2
   (Parallel Sparse Direct Solver (Pardiso))
   Anzahl Gleichungen            23886
   Iteration 32 Restkraft       0.042 Energie 1.005  Schritt 17-1 f=  0.348
   Iteration 33 Restkraft       0.015 Energie 1.005  Schritt 17-2 f=  0.524
   Update nichtlineare Steifigkeit
   
   Parameter des Gleichungssystems   4 / MP:   2
   (Parallel Sparse Direct Solver (Pardiso))
   Anzahl Gleichungen            23886
   Iteration 34 Restkraft       0.059 Energie 1.005  Schritt 18-1 f=  0.524
   Iteration 35 Restkraft       0.012 Energie 1.005  Schritt 18-2 f=  0.348
   Update nichtlineare Steifigkeit
   
   Parameter des Gleichungssystems   4 / MP:   2
   (Parallel Sparse Direct Solver (Pardiso))
   Anzahl Gleichungen            23886
   Iteration 36 Restkraft       0.031 Energie 1.005  Schritt 19-1 f=  0.348
   Iteration 37 Restkraft       0.011 Energie 1.005  Schritt 19-2 f=  0.526
   Update nichtlineare Steifigkeit
   
   Parameter des Gleichungssystems   4 / MP:   2
   (Parallel Sparse Direct Solver (Pardiso))
   Anzahl Gleichungen            23886
   Iteration 38 Restkraft       0.043 Energie 1.005  Schritt 20-1 f=  0.526
   Iteration 39 Restkraft       0.008 Energie 1.005  Schritt 20-2 f=  0.348
   TIME NEEDED       126, TOTAL       126
   TIME NEEDED         0, TOTAL       126
   DATE       2023-07-14, 14:33:56
   
   
   
    +++++    0 errors and   51 warnings +++++
   *** Stop : Program ase
   *** Start: Program ase
   
   SOFiSTiK 2023-5.0.633    ASE   - ADVANCED SOLUTION ENGINE
   Output on file structure.plb
   Project data base structure.cdb        -     8. access
   Start OpenMP Parallel Task    1    2
   Start OpenMP Parallel Task    2    2
   +++++ warning no.   365 in program QLAY
   Layer-element - changing eccentricities in different
   local directions may cause differences between a
   linear and a nonlinear analysis (SYST ... NMAT YES)
   +++++ warning no.   365 in program QLAY
   Layer-element - changing eccentricities in different
   local directions may cause differences between a
   linear and a nonlinear analysis (SYST ... NMAT YES)
   +++++ warning no.   129 in program QUAA
   Further warnings of type no 120 are supressed
   +++++ warning no.   365 in program QLAY
   Layer-element - changing eccentricities in different
   local directions may cause differences between a
   linear and a nonlinear analysis (SYST ... NMAT YES)
   +++++ warning no.   365 in program QLAY
   Layer-element - changing eccentricities in different
   local directions may cause differences between a
   linear and a nonlinear analysis (SYST ... NMAT YES)
   +++++ warning no.   365 in program QLAY
   Layer-element - changing eccentricities in different
   local directions may cause differences between a
   linear and a nonlinear analysis (SYST ... NMAT YES)
   +++++ warning no.   365 in program QLAY
   Layer-element - changing eccentricities in different
   local directions may cause differences between a
   linear and a nonlinear analysis (SYST ... NMAT YES)
   +++++ warning no.   365 in program QLAY
   Layer-element - changing eccentricities in different
   local directions may cause differences between a
   linear and a nonlinear analysis (SYST ... NMAT YES)
   +++++ warning no.   365 in program QLAY
   Layer-element - changing eccentricities in different
   local directions may cause differences between a
   linear and a nonlinear analysis (SYST ... NMAT YES)
   +++++ warning no.   365 in program QLAY
   Layer-element - changing eccentricities in different
   local directions may cause differences between a
   linear and a nonlinear analysis (SYST ... NMAT YES)
   +++++ warning no.   365 in program QLAY
   Layer-element - changing eccentricities in different
   local directions may cause differences between a
   linear and a nonlinear analysis (SYST ... NMAT YES)
   +++++ warning no.   365 in program QLAY
   Layer-element - changing eccentricities in different
   local directions may cause differences between a
   linear and a nonlinear analysis (SYST ... NMAT YES)
   +++++ warning no.   365 in program QLAY
   Layer-element - changing eccentricities in different
   local directions may cause differences between a
   linear and a nonlinear analysis (SYST ... NMAT YES)
   +++++ warning no.   365 in program QLAY
   Layer-element - changing eccentricities in different
   local directions may cause differences between a
   linear and a nonlinear analysis (SYST ... NMAT YES)
   +++++ warning no.   365 in program QLAY
   Layer-element - changing eccentricities in different
   local directions may cause differences between a
   linear and a nonlinear analysis (SYST ... NMAT YES)
   +++++ warning no.   365 in program QLAY
   Layer-element - changing eccentricities in different
   local directions may cause differences between a
   linear and a nonlinear analysis (SYST ... NMAT YES)
   +++++ warning no.   365 in program QLAY
   Layer-element - changing eccentricities in different
   local directions may cause differences between a
   linear and a nonlinear analysis (SYST ... NMAT YES)
   +++++ warning no.   365 in program QLAY
   Layer-element - changing eccentricities in different
   local directions may cause differences between a
   linear and a nonlinear analysis (SYST ... NMAT YES)
   +++++ warning no.   365 in program QLAY
   Layer-element - changing eccentricities in different
   local directions may cause differences between a
   linear and a nonlinear analysis (SYST ... NMAT YES)
   +++++ warning no.   365 in program QLAY
   Layer-element - changing eccentricities in different
   local directions may cause differences between a
   linear and a nonlinear analysis (SYST ... NMAT YES)
   +++++ warning no.   365 in program QLAY
   Layer-element - changing eccentricities in different
   local directions may cause differences between a
   linear and a nonlinear analysis (SYST ... NMAT YES)
   +++++ warning no.   365 in program QLAY
   Layer-element - changing eccentricities in different
   local directions may cause differences between a
   linear and a nonlinear analysis (SYST ... NMAT YES)
   +++++ warning no.   365 in program QLAY
   Layer-element - changing eccentricities in different
   local directions may cause differences between a
   linear and a nonlinear analysis (SYST ... NMAT YES)
   +++++ warning no.   365 in program QLAY
   Layer-element - changing eccentricities in different
   local directions may cause differences between a
   linear and a nonlinear analysis (SYST ... NMAT YES)
   +++++ warning no.   365 in program QLAY
   Layer-element - changing eccentricities in different
   local directions may cause differences between a
   linear and a nonlinear analysis (SYST ... NMAT YES)
   +++++ warning no.   365 in program QLAY
   Layer-element - changing eccentricities in different
   local directions may cause differences between a
   linear and a nonlinear analysis (SYST ... NMAT YES)
   +++++ warning no.   365 in program QLAY
   Layer-element - changing eccentricities in different
   local directions may cause differences between a
   linear and a nonlinear analysis (SYST ... NMAT YES)
   +++++ warning no.   365 in program QLAY
   Layer-element - changing eccentricities in different
   local directions may cause differences between a
   linear and a nonlinear analysis (SYST ... NMAT YES)
   +++++ warning no.   365 in program QLAY
   Layer-element - changing eccentricities in different
   local directions may cause differences between a
   linear and a nonlinear analysis (SYST ... NMAT YES)
   +++++ warning no.   365 in program QLAY
   Layer-element - changing eccentricities in different
   local directions may cause differences between a
   linear and a nonlinear analysis (SYST ... NMAT YES)
   +++++ warning no.   365 in program QLAY
   Layer-element - changing eccentricities in different
   local directions may cause differences between a
   linear and a nonlinear analysis (SYST ... NMAT YES)
   +++++ warning no.   365 in program QLAY
   Layer-element - changing eccentricities in different
   local directions may cause differences between a
   linear and a nonlinear analysis (SYST ... NMAT YES)
   +++++ warning no.   365 in program QLAY
   Layer-element - changing eccentricities in different
   local directions may cause differences between a
   linear and a nonlinear analysis (SYST ... NMAT YES)
   +++++ warning no.   365 in program QLAY
   Layer-element - changing eccentricities in different
   local directions may cause differences between a
   linear and a nonlinear analysis (SYST ... NMAT YES)
   +++++ warning no.   365 in program QLAY
   Layer-element - changing eccentricities in different
   local directions may cause differences between a
   linear and a nonlinear analysis (SYST ... NMAT YES)
   +++++ warning no.   365 in program QLAY
   Layer-element - changing eccentricities in different
   local directions may cause differences between a
   linear and a nonlinear analysis (SYST ... NMAT YES)
   +++++ warning no.   365 in program QLAY
   Layer-element - changing eccentricities in different
   local directions may cause differences between a
   linear and a nonlinear analysis (SYST ... NMAT YES)
   +++++ warning no.   365 in program QLAY
   Layer-element - changing eccentricities in different
   local directions may cause differences between a
   linear and a nonlinear analysis (SYST ... NMAT YES)
   +++++ warning no.   365 in program QLAY
   Layer-element - changing eccentricities in different
   local directions may cause differences between a
   linear and a nonlinear analysis (SYST ... NMAT YES)
   +++++ warning no.   365 in program QLAY
   Layer-element - changing eccentricities in different
   local directions may cause differences between a
   linear and a nonlinear analysis (SYST ... NMAT YES)
   +++++ warning no.   365 in program QLAY
   Layer-element - changing eccentricities in different
   local directions may cause differences between a
   linear and a nonlinear analysis (SYST ... NMAT YES)
   +++++ warning no.   365 in program QLAY
   Layer-element - changing eccentricities in different
   local directions may cause differences between a
   linear and a nonlinear analysis (SYST ... NMAT YES)
   +++++ warning no.   365 in program QLAY
   Layer-element - changing eccentricities in different
   local directions may cause differences between a
   linear and a nonlinear analysis (SYST ... NMAT YES)
   +++++ warning no.   365 in program QLAY
   Layer-element - changing eccentricities in different
   local directions may cause differences between a
   linear and a nonlinear analysis (SYST ... NMAT YES)
   +++++ warning no.   365 in program QLAY
   Layer-element - changing eccentricities in different
   local directions may cause differences between a
   linear and a nonlinear analysis (SYST ... NMAT YES)
   +++++ warning no.   365 in program QLAY
   Layer-element - changing eccentricities in different
   local directions may cause differences between a
   linear and a nonlinear analysis (SYST ... NMAT YES)
   +++++ warning no.   365 in program QLAY
   Layer-element - changing eccentricities in different
   local directions may cause differences between a
   linear and a nonlinear analysis (SYST ... NMAT YES)
   +++++ warning no.   365 in program QLAY
   Layer-element - changing eccentricities in different
   local directions may cause differences between a
   linear and a nonlinear analysis (SYST ... NMAT YES)
   +++++ warning no.   365 in program QLAY
   Layer-element - changing eccentricities in different
   local directions may cause differences between a
   linear and a nonlinear analysis (SYST ... NMAT YES)
   +++++ warning no.   365 in program QLAY
   Layer-element - changing eccentricities in different
   local directions may cause differences between a
   linear and a nonlinear analysis (SYST ... NMAT YES)
   +++++ warning no.   365 in program QLAY
   Layer-element - changing eccentricities in different
   local directions may cause differences between a
   linear and a nonlinear analysis (SYST ... NMAT YES)
   +++++ warning no. 10989 in program QLAY
   Layer-element - changing eccentricities in different
   local directions may cause differences between a
   Warning 365 has been issued 50 times, further printing will be supressed
   Lastfall   201
   
   Parameter des Gleichungssystems   4 / MP:   2
   (Parallel Sparse Direct Solver (Pardiso))
   Anzahl Gleichungen            23886
   Parallel element analysis and postprocessing on  2 processor threads:
      4480 parallel processed QUAD elements (of   4480 total quad elements)
   Iteration  1 Restkraft       1.232 Energie 1.000  Schritt  1-1 f=  1.000
   Update nichtlineare Steifigkeit
   
   Parameter des Gleichungssystems   4 / MP:   2
   (Parallel Sparse Direct Solver (Pardiso))
   Anzahl Gleichungen            23886
   Iteration  2 Restkraft       2.179 Energie 1.010  Schritt  2-1 f=  1.006
   Update nichtlineare Steifigkeit
   
   Parameter des Gleichungssystems   4 / MP:   2
   (Parallel Sparse Direct Solver (Pardiso))
   Anzahl Gleichungen            23886
   +++++ warning no. 10205 in program DSOL_TRI
    1 rigid body modes in the system
   Please check if all parts of the structure have sufficient constraints
   despite of the type of loading ! (beams with hinges for torsion f.e)
   Nodes and degrees concerned are: (1=vx,2=vy...6=phiz,7=dphix):
   node 38015 degree 3 = equation 4371
   +++++ warning no.   204 in program TRIN
   Equation system reports negative determinants. A temporary reduction
   of nonlinear component will be performed to achieve equilibrium.
   Stability problems can be found, if you analyze a lower load level and calculate
   buckling eigenvalues for that load level -> ase9.dat.
   With CTRL ITER V4 10 you can smooth the stiffness update in the first iterations.
   Steifigkeit wurde negativ -> Update wird jetzt verwendet mit Faktor 0.010000
   
   Parameter des Gleichungssystems   4 / MP:   2
   (Parallel Sparse Direct Solver (Pardiso))
   Anzahl Gleichungen            23886
   Iteration  3 Restkraft    3572.608 Energie 9.854  Schritt  3-1 f=  1.107
   Update nichtlineare Steifigkeit
   
   Parameter des Gleichungssystems   4 / MP:   2
   (Parallel Sparse Direct Solver (Pardiso))
   Anzahl Gleichungen            23886
   +++++ warning no. 10205 in program DSOL_TRI
    1 rigid body modes in the system
   Please check if all parts of the structure have sufficient constraints
   despite of the type of loading ! (beams with hinges for torsion f.e)
   Nodes and degrees concerned are: (1=vx,2=vy...6=phiz,7=dphix):
   node 108025 degree 3 = equation 11499
   Steifigkeit wurde negativ -> Update wird jetzt verwendet mit Faktor 0.010000
   
   Parameter des Gleichungssystems   4 / MP:   2
   (Parallel Sparse Direct Solver (Pardiso))
   Anzahl Gleichungen            23886
   +++++ warning no.   680 in program TAKT
   Equation solver delivers displacement > 1000m/100rad
   Iteration  4 Restkraft  543906.562 Energie 74.35  Schritt  4-1 f=  1.218
   Update nichtlineare Steifigkeit
   
   Parameter des Gleichungssystems   4 / MP:   2
   (Parallel Sparse Direct Solver (Pardiso))
   Anzahl Gleichungen            23886
   +++++ warning no. 10205 in program DSOL_TRI
    1 rigid body modes in the system
   Please check if all parts of the structure have sufficient constraints
   despite of the type of loading ! (beams with hinges for torsion f.e)
   Nodes and degrees concerned are: (1=vx,2=vy...6=phiz,7=dphix):
   node 64013 degree 6 = equation 6894
   Steifigkeit wurde negativ -> Update wird jetzt verwendet mit Faktor 0.010000
   
   Parameter des Gleichungssystems   4 / MP:   2
   (Parallel Sparse Direct Solver (Pardiso))
   Anzahl Gleichungen            23886
   +++++ warning no. 10205 in program DSOL_TRI
    1 rigid body modes in the system
   Please check if all parts of the structure have sufficient constraints
   despite of the type of loading ! (beams with hinges for torsion f.e)
   Nodes and degrees concerned are: (1=vx,2=vy...6=phiz,7=dphix):
   node 64023 degree 1 = equation 6943
   Steifigkeit wurde negativ -> Update wird jetzt verwendet mit Faktor 0.003000
   
   Parameter des Gleichungssystems   4 / MP:   2
   (Parallel Sparse Direct Solver (Pardiso))
   Anzahl Gleichungen            23886
   +++++ warning no. 10205 in program DSOL_TRI
    1 rigid body modes in the system
   Please check if all parts of the structure have sufficient constraints
   despite of the type of loading ! (beams with hinges for torsion f.e)
   Nodes and degrees concerned are: (1=vx,2=vy...6=phiz,7=dphix):
   node 64023 degree 1 = equation 6943
   Steifigkeit wurde negativ -> Update wird jetzt verwendet mit Faktor 0.001000
   
   Parameter des Gleichungssystems   4 / MP:   2
   (Parallel Sparse Direct Solver (Pardiso))
   Anzahl Gleichungen            23886
   +++++ warning no. 10205 in program DSOL_TRI
    1 rigid body modes in the system
   Please check if all parts of the structure have sufficient constraints
   despite of the type of loading ! (beams with hinges for torsion f.e)
   Nodes and degrees concerned are: (1=vx,2=vy...6=phiz,7=dphix):
   node 71013 degree 5 = equation 7571
   +++++ warning no.   203 in program TRIN_02
   Equation system reports negative determinats
   Iteration  5 Restkraft  543906.562 Energie 74.35  Schritt  5-1 f=  1.339
   +++++ error no.   202 in program TVERS
   Tangential stiffness gets negativ. Iteration stopped. 201
   +++++ warning no.   191 in program VERS
   No equilibrium found in the nonlinear analysis in loadcase 201
   Please check the load-magnitude or change the iteration parameters:
                          - activate post iteration with SYST...POST 1 if possible
                          - allow more iterations
                          - permit a greater tolerance, also with TOL8, e.g. TOL8 -5.0
                          - reduce FMAX e.g. FMAX=1.1
                          - check other iteration method --> control ITER 0
   Displacements and residual forces of all iteration steps can be
   checked in loadcase 90001.. in Animator oder WINGRAF.
   +++++ warning no.   192 in program VERS
   Start on a primary loadcase with lower load magnitude.
   The ultimate load may be reached.
   +++++ warning no.   218 in program VERS
   May be the convergence is better using SYST PROB TH3.
   +++++ warning no.   475 in program VERS
   You can limit the tolerance to real 0.2 kN with SYST ... TOL -0.2
   +++++ error no.   197 in program VERS
   Displacements or rotations are too big.
   Please check hinges, moments on QUAD-nodes, chain of truss elements ...
   This error message can be switched to a warning with CTRL WARN 197.
   +++++ warning no.   195 in program PHI
   Node 1004 rotates more than one time around its axis in LC 201
   +++++ warning no.   195 in program PHI
   Node 1006 rotates more than one time around its axis in LC 201
   +++++ warning no.   195 in program PHI
   Node 1007 rotates more than one time around its axis in LC 201
   +++++ warning no.   195 in program PHI
   Node 1008 rotates more than one time around its axis in LC 201
   +++++ warning no.   195 in program PHI
   Node 1009 rotates more than one time around its axis in LC 201
   +++++ warning no.   129 in program PHI
   Further warnings of type no 195 are supressed
   TIME NEEDED       116, TOTAL       116
   DATE       2023-07-14, 14:35:52
   
   
   
    +++++    2 errors and   70 warnings +++++
   +++++ DATA ERRONEOUS, PROGRAM ABORTED +++++
   *** Stop : Program ase
   *** Process canceled, error detected!
   *** End of Calculation!
